<?xml version="1.0" encoding="UTF-8"?>
<!-- Generated by org.testng.reporters.JUnitReportReporter -->
<testsuite skipped="0" hostname="ARDENT-PC" name="SeleniumJavaFramework.SeleniumJavaFramework.AppTest" tests="1" failures="0" timestamp="2020-01-02T11:45:55 SGT" time="0.038" errors="0">
  <testcase name="shouldAnswerWithTrue" time="0.038" classname="SeleniumJavaFramework.SeleniumJavaFramework.AppTest"/>
</testsuite> <!-- SeleniumJavaFramework.SeleniumJavaFramework.AppTest -->
