<?xml version="1.0" encoding="UTF-8"?>
<!-- Generated by org.testng.reporters.JUnitReportReporter -->
<testsuite skipped="0" hostname="ARDENT-PC" name="TestElements.TestElements" tests="4" failures="0" timestamp="2020-01-02T11:45:54 SGT" time="21.664" errors="0">
  <testcase name="TestCase_2" time="3.390" classname="TestElements.TestElements"/>
  <testcase name="TestCase_1" time="7.258" classname="TestElements.TestElements"/>
  <testcase name="TestCase_1" time="5.795" classname="TestElements.TestElements"/>
  <testcase name="TestCase_1" time="5.221" classname="TestElements.TestElements"/>
</testsuite> <!-- TestElements.TestElements -->
