<?xml version="1.0" encoding="UTF-8"?>
<!-- Generated by org.testng.reporters.JUnitReportReporter -->
<testsuite skipped="0" hostname="ARDENT-PC" name="AutoIT.GetElementsAutoIT" tests="1" failures="0" timestamp="31 Dec 2019 07:04:20 GMT" time="8.412" errors="0">
  <testcase name="setup" time="8.412" classname="AutoIT.GetElementsAutoIT"/>
</testsuite> <!-- AutoIT.GetElementsAutoIT -->
