<?xml version="1.0" encoding="UTF-8"?>
<!-- Generated by org.testng.reporters.JUnitReportReporter -->
<testsuite skipped="0" hostname="ARDENT-PC" name="utils.ExcelDataProvider" tests="2" failures="0" timestamp="27 Dec 2019 06:28:08 GMT" time="26.300" errors="0">
  <testcase name="TestCase_1" time="21.644" classname="utils.ExcelDataProvider"/>
  <testcase name="TestCase_1" time="4.656" classname="utils.ExcelDataProvider"/>
</testsuite> <!-- utils.ExcelDataProvider -->
