<?xml version="1.0" encoding="UTF-8"?>
<!-- Generated by org.testng.reporters.JUnitReportReporter -->
<testsuite skipped="0" hostname="ARDENT-PC" name="TestElements.TestElements" tests="4" failures="0" timestamp="02 Jan 2020 04:07:01 GMT" time="17.264" errors="0">
  <testcase name="TestCase_2" time="3.624" classname="TestElements.TestElements"/>
  <testcase name="TestCase_1" time="2.953" classname="TestElements.TestElements"/>
  <testcase name="TestCase_1" time="7.584" classname="TestElements.TestElements"/>
  <testcase name="TestCase_1" time="3.103" classname="TestElements.TestElements"/>
</testsuite> <!-- TestElements.TestElements -->
